Using pre-set license
Built from '2020.3/staging' branch; Version is '2020.3.26f1 (7298b473bc1a) revision 7510196'; Using compiler version '192528614'; Build Type 'Release'
OS: 'Windows 10  (10.0.19041) 64bit Core' Language: 'en' Physical Memory: 16328 MB
BatchMode: 1, IsHumanControllingUs: 0, StartBugReporterOnCrash: 0, Is64bit: 1, IsPro: 0

COMMAND LINE ARGUMENTS:
C:\Program Files\Unity\Hub\Editor\2020.3.26f1\Editor\Unity.exe
-adb2
-batchMode
-noUpm
-name
AssetImportWorker0
-projectPath
C:/Users/Thass/OneDrive/Documents/GlobalGameJam-2022/GGJ22 Team Game
-logFile
Logs/AssetImportWorker0.log
-srvPort
51043
Successfully changed project path to: C:/Users/Thass/OneDrive/Documents/GlobalGameJam-2022/GGJ22 Team Game
C:/Users/Thass/OneDrive/Documents/GlobalGameJam-2022/GGJ22 Team Game
Using Asset Import Pipeline V2.
Refreshing native plugins compatible for Editor in 65.62 ms, found 4 plugins.
Preloading 0 native plugins for Editor in 0.00 ms.
Initialize engine version: 2020.3.26f1 (7298b473bc1a)
[Subsystems] Discovering subsystems at path C:/Program Files/Unity/Hub/Editor/2020.3.26f1/Editor/Data/Resources/UnitySubsystems
[Subsystems] Discovering subsystems at path C:/Users/Thass/OneDrive/Documents/GlobalGameJam-2022/GGJ22 Team Game/Assets
GfxDevice: creating device client; threaded=0
Direct3D:
    Version:  Direct3D 11.0 [level 11.1]
    Renderer: NVIDIA GeForce RTX 2080 SUPER (ID=0x1e81)
    Vendor:   
    VRAM:     8010 MB
    Driver:   27.21.14.6611
Initialize mono
Mono path[0] = 'C:/Program Files/Unity/Hub/Editor/2020.3.26f1/Editor/Data/Managed'
Mono path[1] = 'C:/Program Files/Unity/Hub/Editor/2020.3.26f1/Editor/Data/MonoBleedingEdge/lib/mono/unityjit'
Mono config path = 'C:/Program Files/Unity/Hub/Editor/2020.3.26f1/Editor/Data/MonoBleedingEdge/etc'
Using monoOptions --debugger-agent=transport=dt_socket,embedding=1,server=y,suspend=n,address=127.0.0.1:56160
Begin MonoManager ReloadAssembly
Registering precompiled unity dll's ...
Register platform support module: C:/Program Files/Unity/Hub/Editor/2020.3.26f1/Editor/Data/PlaybackEngines/MacStandaloneSupport/UnityEditor.OSXStandalone.Extensions.dll
Register platform support module: C:/Program Files/Unity/Hub/Editor/2020.3.26f1/Editor/Data/PlaybackEngines/WindowsStandaloneSupport/UnityEditor.WindowsStandalone.Extensions.dll
Register platform support module: C:/Program Files/Unity/Hub/Editor/2020.3.26f1/Editor/Data/PlaybackEngines/LinuxStandaloneSupport/UnityEditor.LinuxStandalone.Extensions.dll
Registered in 0.002470 seconds.
Native extension for LinuxStandalone target not found
Native extension for WindowsStandalone target not found
Native extension for OSXStandalone target not found
Refreshing native plugins compatible for Editor in 51.28 ms, found 4 plugins.
Preloading 0 native plugins for Editor in 0.00 ms.
Mono: successfully reloaded assembly
- Completed reload, in  0.531 seconds
Domain Reload Profiling:
	ReloadAssembly (532ms)
		BeginReloadAssembly (45ms)
			ExecutionOrderSort (0ms)
			DisableScriptedObjects (0ms)
			BackupInstance (0ms)
			ReleaseScriptingObjects (0ms)
			CreateAndSetChildDomain (1ms)
		EndReloadAssembly (421ms)
			LoadAssemblies (44ms)
			RebuildTransferFunctionScriptingTraits (0ms)
			SetupTypeCache (127ms)
			ReleaseScriptCaches (0ms)
			RebuildScriptCaches (33ms)
			SetupLoadedEditorAssemblies (170ms)
				LogAssemblyErrors (0ms)
				InitializePlatformSupportModulesInManaged (7ms)
				SetLoadedEditorAssemblies (0ms)
				RefreshPlugins (51ms)
				BeforeProcessingInitializeOnLoad (12ms)
				ProcessInitializeOnLoadAttributes (74ms)
				ProcessInitializeOnLoadMethodAttributes (24ms)
				AfterProcessingInitializeOnLoad (0ms)
				EditorAssembliesLoaded (0ms)
			ExecutionOrderSort2 (0ms)
			AwakeInstancesAfterBackupRestoration (0ms)
Platform modules already initialized, skipping
Registering precompiled user dll's ...
Registered in 0.009919 seconds.
Begin MonoManager ReloadAssembly
Native extension for LinuxStandalone target not found
Native extension for WindowsStandalone target not found
Native extension for OSXStandalone target not found
Refreshing native plugins compatible for Editor in 50.95 ms, found 4 plugins.
Preloading 0 native plugins for Editor in 0.00 ms.
Mono: successfully reloaded assembly
- Completed reload, in  1.493 seconds
Domain Reload Profiling:
	ReloadAssembly (1494ms)
		BeginReloadAssembly (127ms)
			ExecutionOrderSort (0ms)
			DisableScriptedObjects (4ms)
			BackupInstance (0ms)
			ReleaseScriptingObjects (0ms)
			CreateAndSetChildDomain (19ms)
		EndReloadAssembly (1290ms)
			LoadAssemblies (111ms)
			RebuildTransferFunctionScriptingTraits (0ms)
			SetupTypeCache (277ms)
			ReleaseScriptCaches (1ms)
			RebuildScriptCaches (64ms)
			SetupLoadedEditorAssemblies (722ms)
				LogAssemblyErrors (0ms)
				InitializePlatformSupportModulesInManaged (6ms)
				SetLoadedEditorAssemblies (0ms)
				RefreshPlugins (51ms)
				BeforeProcessingInitializeOnLoad (89ms)
				ProcessInitializeOnLoadAttributes (462ms)
				ProcessInitializeOnLoadMethodAttributes (108ms)
				AfterProcessingInitializeOnLoad (6ms)
				EditorAssembliesLoaded (0ms)
			ExecutionOrderSort2 (0ms)
			AwakeInstancesAfterBackupRestoration (6ms)
Platform modules already initialized, skipping
========================================================================
Worker process is ready to serve import requests
Launched and connected shader compiler UnityShaderCompiler.exe after 0.05 seconds
Refreshing native plugins compatible for Editor in 1.06 ms, found 4 plugins.
Preloading 0 native plugins for Editor in 0.00 ms.
Unloading 2586 Unused Serialized files (Serialized files now loaded: 0)
System memory in use before: 110.4 MB.
System memory in use after: 110.6 MB.

Unloading 78 unused Assets to reduce memory usage. Loaded Objects now: 2972.
Total: 4.254000 ms (FindLiveObjects: 0.330200 ms CreateObjectMapping: 0.082200 ms MarkObjects: 3.741600 ms  DeleteObjects: 0.099000 ms)

AssetImportParameters requested are different than current active one (requested -> active):
  custom:framework-win-MediaFoundation: 216162199b28c13a410421893ffa2e32 -> 
  custom:video-decoder-ogg-theora: a1e56fd34408186e4bbccfd4996cb3dc -> 
  custom:container-muxer-webm: aa71ff27fc2769a1b78a27578f13a17b -> 
  custom:container-demuxer-webm: 4f35f7cbe854078d1ac9338744f61a02 -> 
  custom:container-demuxer-ogg: 62fdf1f143b41e24485cea50d1cbac27 -> 
  custom:video-encoder-webm-vp8: eb34c28f22e8b96e1ab97ce403110664 -> 
  custom:video-decoder-webm-vp8: 9c59270c3fd7afecdb556c50c9e8de78 -> 
  custom:audio-decoder-ogg-vorbis: bf7c407c2cedff20999df2af8eb42d56 -> 
  custom:audio-encoder-webm-vorbis: bf7c407c2cedff20999df2af8eb42d56 -> 
========================================================================
Received Import Request.
  path: Assets/Models
  artifactKey: Guid(19c49ae270ecef74885bb99c9672e826) Importer(815301076,1909f56bfc062723c751e8b465ee728b)
Start importing Assets/Models using Guid(19c49ae270ecef74885bb99c9672e826) Importer(815301076,1909f56bfc062723c751e8b465ee728b)  -> (artifact id: 'ed4db0c665438274deca32533368e344') in 0.011636 seconds 
  Import took 0.017552 seconds .

========================================================================
Received Import Request.
  Time since last request: 2.180653 seconds.
  path: Assets/Models/Zipped Models
  artifactKey: Guid(f706e0218a4c068458ffe13a43797cc5) Importer(815301076,1909f56bfc062723c751e8b465ee728b)
Start importing Assets/Models/Zipped Models using Guid(f706e0218a4c068458ffe13a43797cc5) Importer(815301076,1909f56bfc062723c751e8b465ee728b)  -> (artifact id: 'ee08c13c500414792fd74f9693a557d2') in 0.007588 seconds 
  Import took 0.013720 seconds .

========================================================================
Received Import Request.
  Time since last request: 34.050880 seconds.
  path: Assets/Models/Zipped Models/SpecialAtkAnim.fbx.zip
  artifactKey: Guid(7fb9792c53a08d148bba2f375a318459) Importer(815301076,1909f56bfc062723c751e8b465ee728b)
Start importing Assets/Models/Zipped Models/SpecialAtkAnim.fbx.zip using Guid(7fb9792c53a08d148bba2f375a318459) Importer(815301076,1909f56bfc062723c751e8b465ee728b)  -> (artifact id: '0543607f30ae8d72ebfd07fce711c7ad') in 0.036708 seconds 
  Import took 0.042840 seconds .

========================================================================
Received Import Request.
  Time since last request: 78.205912 seconds.
  path: Assets/Models/WalkingAnim.fbx
  artifactKey: Guid(989adbf7a9a1e6749a31d1dd42462b7b) Importer(815301076,1909f56bfc062723c751e8b465ee728b)
Start importing Assets/Models/WalkingAnim.fbx using Guid(989adbf7a9a1e6749a31d1dd42462b7b) Importer(815301076,1909f56bfc062723c751e8b465ee728b)  -> (artifact id: 'c2b06c51b5bbc0198111b79466eb1c82') in 0.158457 seconds 
  Import took 0.168701 seconds .

========================================================================
Received Import Request.
  Time since last request: 4.301291 seconds.
  path: Assets/Models/SpecialAtkAnim.fbx
  artifactKey: Guid(dddc21d8904da1648bb779983b0581a2) Importer(815301076,1909f56bfc062723c751e8b465ee728b)
Start importing Assets/Models/SpecialAtkAnim.fbx using Guid(dddc21d8904da1648bb779983b0581a2) Importer(815301076,1909f56bfc062723c751e8b465ee728b)  -> (artifact id: '2dcada70cd2fe260197e931962b3fbb9') in 0.013570 seconds 
  Import took 0.020283 seconds .

========================================================================
Received Import Request.
  Time since last request: 17.388634 seconds.
  path: Assets/Models/IdleAnimation.fbx
  artifactKey: Guid(6f86300549d5dc64b99a84d140e52a4d) Importer(815301076,1909f56bfc062723c751e8b465ee728b)
Start importing Assets/Models/IdleAnimation.fbx using Guid(6f86300549d5dc64b99a84d140e52a4d) Importer(815301076,1909f56bfc062723c751e8b465ee728b)  -> (artifact id: '090a6ca9198217a3fe21d029308a52a2') in 0.038476 seconds 
  Import took 0.046376 seconds .

========================================================================
Received Import Request.
  Time since last request: 4.272450 seconds.
  path: Assets/Models/GrabAnim.fbx
  artifactKey: Guid(caa56671c216927458b9a45127be7cae) Importer(815301076,1909f56bfc062723c751e8b465ee728b)
Start importing Assets/Models/GrabAnim.fbx using Guid(caa56671c216927458b9a45127be7cae) Importer(815301076,1909f56bfc062723c751e8b465ee728b)  -> (artifact id: '2a74a530d0f86247a93d2cb41379728d') in 0.012310 seconds 
  Import took 0.019685 seconds .

========================================================================
Received Import Request.
  Time since last request: 3.661085 seconds.
  path: Assets/Models/DeathAnim.fbx
  artifactKey: Guid(f9196b41dd31d964db883b911559b9ef) Importer(815301076,1909f56bfc062723c751e8b465ee728b)
Start importing Assets/Models/DeathAnim.fbx using Guid(f9196b41dd31d964db883b911559b9ef) Importer(815301076,1909f56bfc062723c751e8b465ee728b)  -> (artifact id: 'cd99b2f2b4b1536d056590fcdae9d147') in 0.013202 seconds 
  Import took 0.019730 seconds .

========================================================================
Received Import Request.
  Time since last request: 3.821776 seconds.
  path: Assets/Models/Creature Model_v2.fbx
  artifactKey: Guid(1e5401fb48201624dac9287746f6ce4a) Importer(815301076,1909f56bfc062723c751e8b465ee728b)
Start importing Assets/Models/Creature Model_v2.fbx using Guid(1e5401fb48201624dac9287746f6ce4a) Importer(815301076,1909f56bfc062723c751e8b465ee728b)  -> (artifact id: '902d10f70b2146144a02b19e4288227e') in 0.011416 seconds 
  Import took 0.017701 seconds .

========================================================================
Received Import Request.
  Time since last request: 65.133984 seconds.
  path: Assets/Models/AttakAnim.fbx
  artifactKey: Guid(2f588d9015a8e5d4e8c8c5b7a9f43840) Importer(815301076,1909f56bfc062723c751e8b465ee728b)
Start importing Assets/Models/AttakAnim.fbx using Guid(2f588d9015a8e5d4e8c8c5b7a9f43840) Importer(815301076,1909f56bfc062723c751e8b465ee728b)  -> (artifact id: '8beb8a21c742111cbe99e46f4e9981a7') in 0.032587 seconds 
  Import took 0.039655 seconds .

========================================================================
Received Import Request.
  Time since last request: 3.851737 seconds.
  path: Assets/Models/Take 001.anim
  artifactKey: Guid(91037b42b9d4e6d48beeb9e72353af3c) Importer(815301076,1909f56bfc062723c751e8b465ee728b)
Start importing Assets/Models/Take 001.anim using Guid(91037b42b9d4e6d48beeb9e72353af3c) Importer(815301076,1909f56bfc062723c751e8b465ee728b)  -> (artifact id: 'd64696280dbd280864911110902fd1a2') in 0.024730 seconds 
  Import took 0.032189 seconds .

========================================================================
Received Import Request.
  Time since last request: 30.299386 seconds.
  path: Assets/Artwork/Animations/WalkingAnim.controller
  artifactKey: Guid(5004d6c142fd64f47af99675c7acc467) Importer(815301076,1909f56bfc062723c751e8b465ee728b)
Start importing Assets/Artwork/Animations/WalkingAnim.controller using Guid(5004d6c142fd64f47af99675c7acc467) Importer(815301076,1909f56bfc062723c751e8b465ee728b)  -> (artifact id: '70f217439c4fa4ba1319dfca8bc6a1cd') in 0.005898 seconds 
  Import took 0.012963 seconds .

========================================================================
Received Import Request.
  Time since last request: 56.407657 seconds.
  path: Assets/Artwork/Animations/AttakAnim.controller
  artifactKey: Guid(5de1beb056bd8b14a8419fe4d86df6f3) Importer(815301076,1909f56bfc062723c751e8b465ee728b)
Start importing Assets/Artwork/Animations/AttakAnim.controller using Guid(5de1beb056bd8b14a8419fe4d86df6f3) Importer(815301076,1909f56bfc062723c751e8b465ee728b)  -> (artifact id: '90859244f5c01f413f81d9dc162def5c') in 0.002848 seconds 
  Import took 0.008952 seconds .

========================================================================
Received Import Request.
  Time since last request: 0.819300 seconds.
  path: Assets/Artwork/Animations/AttakAnim 1.controller
  artifactKey: Guid(c0c74415dff49364491333676dde9a56) Importer(815301076,1909f56bfc062723c751e8b465ee728b)
Start importing Assets/Artwork/Animations/AttakAnim 1.controller using Guid(c0c74415dff49364491333676dde9a56) Importer(815301076,1909f56bfc062723c751e8b465ee728b)  -> (artifact id: '32cd85311773219619dba637ae1e539a') in 0.006493 seconds 
  Import took 0.012989 seconds .

========================================================================
Received Import Request.
  Time since last request: 6.085328 seconds.
  path: Assets/Artwork/Animations/ModelWalk.anim
  artifactKey: Guid(b550b3d15f42b2c4889db97ed86f7471) Importer(815301076,1909f56bfc062723c751e8b465ee728b)
Start importing Assets/Artwork/Animations/ModelWalk.anim using Guid(b550b3d15f42b2c4889db97ed86f7471) Importer(815301076,1909f56bfc062723c751e8b465ee728b)  -> (artifact id: 'b5b37f55fd2b55d465a22fdc4313f9b0') in 0.006827 seconds 
  Import took 0.013464 seconds .

========================================================================
Received Import Request.
  Time since last request: 0.488459 seconds.
  path: Assets/Artwork/Animations/ModelAttack.anim
  artifactKey: Guid(7342f6a9f47b6c344b4fc9b5e490686a) Importer(815301076,1909f56bfc062723c751e8b465ee728b)
Start importing Assets/Artwork/Animations/ModelAttack.anim using Guid(7342f6a9f47b6c344b4fc9b5e490686a) Importer(815301076,1909f56bfc062723c751e8b465ee728b)  -> (artifact id: 'a5b78c7c5f054d14f016be510f61dda5') in 0.007046 seconds 
  Import took 0.013465 seconds .

========================================================================
Received Import Request.
  Time since last request: 59.546261 seconds.
  path: Assets/Models/Creature Model.fbx
  artifactKey: Guid(4fa2fb892d05ba84daa07b7fac01a987) Importer(815301076,1909f56bfc062723c751e8b465ee728b)
Start importing Assets/Models/Creature Model.fbx using Guid(4fa2fb892d05ba84daa07b7fac01a987) Importer(815301076,1909f56bfc062723c751e8b465ee728b)  -> (artifact id: '361a46e1c2502437825cda0f2720139a') in 0.032444 seconds 
  Import took 0.039997 seconds .

========================================================================
Received Import Request.
  Time since last request: 255.014793 seconds.
  path: Assets/Models/Take 001.anim
  artifactKey: Guid(e78e5e0511ac2664387165238cef174f) Importer(815301076,1909f56bfc062723c751e8b465ee728b)
Start importing Assets/Models/Take 001.anim using Guid(e78e5e0511ac2664387165238cef174f) Importer(815301076,1909f56bfc062723c751e8b465ee728b)  -> (artifact id: 'fbfdcd5dac4430c6f9cb33d6bbcc7d9f') in 0.015539 seconds 
  Import took 0.022875 seconds .

========================================================================
Received Import Request.
  Time since last request: 11.626826 seconds.
  path: Assets/Models/AttackAnimation.anim
  artifactKey: Guid(e78e5e0511ac2664387165238cef174f) Importer(815301076,1909f56bfc062723c751e8b465ee728b)
Start importing Assets/Models/AttackAnimation.anim using Guid(e78e5e0511ac2664387165238cef174f) Importer(815301076,1909f56bfc062723c751e8b465ee728b)  -> (artifact id: '0e3d83fcda90627448168035019001fb') in 0.019660 seconds 
  Import took 0.026465 seconds .

========================================================================
Received Import Request.
  Time since last request: 8.916293 seconds.
  path: Assets/Models/Take 001.anim
  artifactKey: Guid(04725d0864b9f3348894288d5d6f746f) Importer(815301076,1909f56bfc062723c751e8b465ee728b)
Start importing Assets/Models/Take 001.anim using Guid(04725d0864b9f3348894288d5d6f746f) Importer(815301076,1909f56bfc062723c751e8b465ee728b)  -> (artifact id: '17579f6e59f3755eb988da0ef1d0ecf6') in 0.013387 seconds 
  Import took 0.020296 seconds .

========================================================================
Received Import Request.
  Time since last request: 6.517562 seconds.
  path: Assets/Models/Death Anim.anim
  artifactKey: Guid(04725d0864b9f3348894288d5d6f746f) Importer(815301076,1909f56bfc062723c751e8b465ee728b)
Start importing Assets/Models/Death Anim.anim using Guid(04725d0864b9f3348894288d5d6f746f) Importer(815301076,1909f56bfc062723c751e8b465ee728b)  -> (artifact id: '32478d707dadc762d530ea8d4b4b0cc3') in 0.017026 seconds 
  Import took 0.023508 seconds .

========================================================================
Received Import Request.
  Time since last request: 4.692445 seconds.
  path: Assets/Models/Take 001.anim
  artifactKey: Guid(3ba982f441f3db74593bc43f21e154ac) Importer(815301076,1909f56bfc062723c751e8b465ee728b)
Start importing Assets/Models/Take 001.anim using Guid(3ba982f441f3db74593bc43f21e154ac) Importer(815301076,1909f56bfc062723c751e8b465ee728b)  -> (artifact id: 'f3e81503ab6ffbdfa567ae3d599c2623') in 0.014460 seconds 
  Import took 0.020563 seconds .

========================================================================
Received Import Request.
  Time since last request: 6.087281 seconds.
  path: Assets/Models/GrabAnim.anim
  artifactKey: Guid(3ba982f441f3db74593bc43f21e154ac) Importer(815301076,1909f56bfc062723c751e8b465ee728b)
Start importing Assets/Models/GrabAnim.anim using Guid(3ba982f441f3db74593bc43f21e154ac) Importer(815301076,1909f56bfc062723c751e8b465ee728b)  -> (artifact id: '3ca8799a4482c04759225515a8f30741') in 0.013977 seconds 
  Import took 0.020666 seconds .

========================================================================
Received Import Request.
  Time since last request: 5.251242 seconds.
  path: Assets/Models/Take 001.anim
  artifactKey: Guid(edeccd54bbe7d604d929532176e56549) Importer(815301076,1909f56bfc062723c751e8b465ee728b)
Start importing Assets/Models/Take 001.anim using Guid(edeccd54bbe7d604d929532176e56549) Importer(815301076,1909f56bfc062723c751e8b465ee728b)  -> (artifact id: '9f402b7471dbb79a6c4a391e38dcc5f6') in 0.012639 seconds 
  Import took 0.019551 seconds .

========================================================================
Received Import Request.
  Time since last request: 7.089530 seconds.
  path: Assets/Models/IdleAnim.anim
  artifactKey: Guid(edeccd54bbe7d604d929532176e56549) Importer(815301076,1909f56bfc062723c751e8b465ee728b)
Start importing Assets/Models/IdleAnim.anim using Guid(edeccd54bbe7d604d929532176e56549) Importer(815301076,1909f56bfc062723c751e8b465ee728b)  -> (artifact id: '300d4133e7130d73d18a8caaf2753eb7') in 0.018175 seconds 
  Import took 0.024704 seconds .

========================================================================
Received Import Request.
  Time since last request: 14.820254 seconds.
  path: Assets/Models/Take 001.anim
  artifactKey: Guid(efb43d4678a7308449fb179426df0657) Importer(815301076,1909f56bfc062723c751e8b465ee728b)
Start importing Assets/Models/Take 001.anim using Guid(efb43d4678a7308449fb179426df0657) Importer(815301076,1909f56bfc062723c751e8b465ee728b)  -> (artifact id: 'f0e0374199d591871970b25bf2957ff5') in 0.015043 seconds 
  Import took 0.021809 seconds .

========================================================================
Received Import Request.
  Time since last request: 10.103984 seconds.
  path: Assets/Models/SpecialAttackAnim.anim
  artifactKey: Guid(efb43d4678a7308449fb179426df0657) Importer(815301076,1909f56bfc062723c751e8b465ee728b)
Start importing Assets/Models/SpecialAttackAnim.anim using Guid(efb43d4678a7308449fb179426df0657) Importer(815301076,1909f56bfc062723c751e8b465ee728b)  -> (artifact id: '8b57845c3d22f2f3908e0b822135b419') in 0.018502 seconds 
  Import took 0.025400 seconds .

========================================================================
Received Import Request.
  Time since last request: 6.702557 seconds.
  path: Assets/Models/Take 001.anim
  artifactKey: Guid(e979b90d97931a84eaad40d72315135b) Importer(815301076,1909f56bfc062723c751e8b465ee728b)
Start importing Assets/Models/Take 001.anim using Guid(e979b90d97931a84eaad40d72315135b) Importer(815301076,1909f56bfc062723c751e8b465ee728b)  -> (artifact id: '23e16f36a51534cc9819d4b720ce2e28') in 0.017452 seconds 
  Import took 0.025094 seconds .

========================================================================
Received Import Request.
  Time since last request: 8.070313 seconds.
  path: Assets/Models/WalkingAnim.anim
  artifactKey: Guid(e979b90d97931a84eaad40d72315135b) Importer(815301076,1909f56bfc062723c751e8b465ee728b)
Start importing Assets/Models/WalkingAnim.anim using Guid(e979b90d97931a84eaad40d72315135b) Importer(815301076,1909f56bfc062723c751e8b465ee728b)  -> (artifact id: 'a6346f50ded619350cba3b0dece7685c') in 0.018890 seconds 
  Import took 0.026260 seconds .

========================================================================
Received Import Request.
  Time since last request: 53.497090 seconds.
  path: Assets/Artwork/Animations/Creature Model.controller
  artifactKey: Guid(07c174a9edc3dd14ea888f8505ee93e2) Importer(815301076,1909f56bfc062723c751e8b465ee728b)
Start importing Assets/Artwork/Animations/Creature Model.controller using Guid(07c174a9edc3dd14ea888f8505ee93e2) Importer(815301076,1909f56bfc062723c751e8b465ee728b)  -> (artifact id: '44bd3cec7b9ff08851125b172c690e75') in 0.002880 seconds 
  Import took 0.009398 seconds .

========================================================================
Received Import Request.
  Time since last request: 27.216217 seconds.
  path: Assets/Artwork/Animations/AttackAnim.anim
  artifactKey: Guid(e78e5e0511ac2664387165238cef174f) Importer(815301076,1909f56bfc062723c751e8b465ee728b)
Start importing Assets/Artwork/Animations/AttackAnim.anim using Guid(e78e5e0511ac2664387165238cef174f) Importer(815301076,1909f56bfc062723c751e8b465ee728b)  -> (artifact id: 'e43c0071203265a90fb8457d7ef13a9e') in 0.019328 seconds 
  Import took 0.026602 seconds .

========================================================================
Received Import Request.
  Time since last request: 6.167279 seconds.
  path: Assets/Artwork/Animations/DeathAnim.anim
  artifactKey: Guid(04725d0864b9f3348894288d5d6f746f) Importer(815301076,1909f56bfc062723c751e8b465ee728b)
Start importing Assets/Artwork/Animations/DeathAnim.anim using Guid(04725d0864b9f3348894288d5d6f746f) Importer(815301076,1909f56bfc062723c751e8b465ee728b)  -> (artifact id: '8c3c2f293db9dfca325afa80ec532a43') in 0.013209 seconds 
  Import took 0.020387 seconds .

========================================================================
Received Import Request.
  Time since last request: 3750.703219 seconds.
  path: Assets/Models/Creature Model.fbx
  artifactKey: Guid(4fa2fb892d05ba84daa07b7fac01a987) Importer(815301076,1909f56bfc062723c751e8b465ee728b)
Start importing Assets/Models/Creature Model.fbx using Guid(4fa2fb892d05ba84daa07b7fac01a987) Importer(815301076,1909f56bfc062723c751e8b465ee728b)  -> (artifact id: '743360cc6fa3f86cf55924273d7935c6') in 0.042154 seconds 
  Import took 0.051885 seconds .

========================================================================
Received Import Request.
  Time since last request: 1.832930 seconds.
  path: Assets/Models/Spike_Glow.mat
  artifactKey: Guid(a64d01afbcb902a41a36c8d47216e53d) Importer(815301076,1909f56bfc062723c751e8b465ee728b)
Start importing Assets/Models/Spike_Glow.mat using Guid(a64d01afbcb902a41a36c8d47216e53d) Importer(815301076,1909f56bfc062723c751e8b465ee728b)  -> (artifact id: 'e43c9e8b5a33176f567e1a00606bba2d') in 0.017406 seconds 
  Import took 0.024312 seconds .

========================================================================
Received Import Request.
  Time since last request: 0.478809 seconds.
  path: Assets/Models/lambert11.mat
  artifactKey: Guid(4d7af8dd1c7978a4fb0e8f208a83caa3) Importer(815301076,1909f56bfc062723c751e8b465ee728b)
Start importing Assets/Models/lambert11.mat using Guid(4d7af8dd1c7978a4fb0e8f208a83caa3) Importer(815301076,1909f56bfc062723c751e8b465ee728b)  -> (artifact id: 'fc0ec8d4a3822e9300b710ee9929aa72') in 0.012935 seconds 
  Import took 0.019309 seconds .

========================================================================
Received Import Request.
  Time since last request: 253.125774 seconds.
  path: Assets/Prefab/player_sword.prefab
  artifactKey: Guid(7d7d3a1596c48994e9a5c96aeb1b29d0) Importer(815301076,1909f56bfc062723c751e8b465ee728b)
Start importing Assets/Prefab/player_sword.prefab using Guid(7d7d3a1596c48994e9a5c96aeb1b29d0) Importer(815301076,1909f56bfc062723c751e8b465ee728b)  -> (artifact id: '769e19f6487ee7f8739ae936298af90a') in 0.021173 seconds 
  Import took 0.027609 seconds .

========================================================================
Received Prepare
Registering precompiled user dll's ...
Registered in 0.011378 seconds.
Begin MonoManager ReloadAssembly
Native extension for LinuxStandalone target not found
Native extension for WindowsStandalone target not found
Native extension for OSXStandalone target not found
Refreshing native plugins compatible for Editor in 1.03 ms, found 4 plugins.
Preloading 0 native plugins for Editor in 0.00 ms.
Mono: successfully reloaded assembly
- Completed reload, in  1.440 seconds
Domain Reload Profiling:
	ReloadAssembly (1441ms)
		BeginReloadAssembly (193ms)
			ExecutionOrderSort (0ms)
			DisableScriptedObjects (11ms)
			BackupInstance (0ms)
			ReleaseScriptingObjects (0ms)
			CreateAndSetChildDomain (93ms)
		EndReloadAssembly (1187ms)
			LoadAssemblies (87ms)
			RebuildTransferFunctionScriptingTraits (0ms)
			SetupTypeCache (291ms)
			ReleaseScriptCaches (1ms)
			RebuildScriptCaches (54ms)
			SetupLoadedEditorAssemblies (640ms)
				LogAssemblyErrors (0ms)
				InitializePlatformSupportModulesInManaged (8ms)
				SetLoadedEditorAssemblies (1ms)
				RefreshPlugins (1ms)
				BeforeProcessingInitializeOnLoad (103ms)
				ProcessInitializeOnLoadAttributes (418ms)
				ProcessInitializeOnLoadMethodAttributes (102ms)
				AfterProcessingInitializeOnLoad (8ms)
				EditorAssembliesLoaded (0ms)
			ExecutionOrderSort2 (0ms)
			AwakeInstancesAfterBackupRestoration (12ms)
Platform modules already initialized, skipping
Refreshing native plugins compatible for Editor in 1.11 ms, found 4 plugins.
Preloading 0 native plugins for Editor in 0.00 ms.
Unloading 2561 Unused Serialized files (Serialized files now loaded: 0)
System memory in use before: 112.1 MB.
System memory in use after: 112.3 MB.

Unloading 67 unused Assets to reduce memory usage. Loaded Objects now: 3017.
Total: 3.992900 ms (FindLiveObjects: 0.260100 ms CreateObjectMapping: 0.062700 ms MarkObjects: 3.635300 ms  DeleteObjects: 0.033700 ms)

AssetImportParameters requested are different than current active one (requested -> active):
  custom:framework-win-MediaFoundation: 216162199b28c13a410421893ffa2e32 -> 
  custom:video-decoder-ogg-theora: a1e56fd34408186e4bbccfd4996cb3dc -> 
  custom:container-muxer-webm: aa71ff27fc2769a1b78a27578f13a17b -> 
  custom:container-demuxer-webm: 4f35f7cbe854078d1ac9338744f61a02 -> 
  custom:container-demuxer-ogg: 62fdf1f143b41e24485cea50d1cbac27 -> 
  custom:video-encoder-webm-vp8: eb34c28f22e8b96e1ab97ce403110664 -> 
  custom:video-decoder-webm-vp8: 9c59270c3fd7afecdb556c50c9e8de78 -> 
  custom:audio-decoder-ogg-vorbis: bf7c407c2cedff20999df2af8eb42d56 -> 
  custom:audio-encoder-webm-vorbis: bf7c407c2cedff20999df2af8eb42d56 -> 
========================================================================
Received Prepare
Registering precompiled user dll's ...
Registered in 0.009267 seconds.
Begin MonoManager ReloadAssembly
Native extension for LinuxStandalone target not found
Native extension for WindowsStandalone target not found
Native extension for OSXStandalone target not found
Refreshing native plugins compatible for Editor in 1.12 ms, found 4 plugins.
Preloading 0 native plugins for Editor in 0.00 ms.
Mono: successfully reloaded assembly
- Completed reload, in  1.475 seconds
Domain Reload Profiling:
	ReloadAssembly (1475ms)
		BeginReloadAssembly (114ms)
			ExecutionOrderSort (0ms)
			DisableScriptedObjects (6ms)
			BackupInstance (0ms)
			ReleaseScriptingObjects (0ms)
			CreateAndSetChildDomain (42ms)
		EndReloadAssembly (1298ms)
			LoadAssemblies (80ms)
			RebuildTransferFunctionScriptingTraits (0ms)
			SetupTypeCache (256ms)
			ReleaseScriptCaches (1ms)
			RebuildScriptCaches (53ms)
			SetupLoadedEditorAssemblies (793ms)
				LogAssemblyErrors (0ms)
				InitializePlatformSupportModulesInManaged (7ms)
				SetLoadedEditorAssemblies (0ms)
				RefreshPlugins (1ms)
				BeforeProcessingInitializeOnLoad (102ms)
				ProcessInitializeOnLoadAttributes (539ms)
				ProcessInitializeOnLoadMethodAttributes (135ms)
				AfterProcessingInitializeOnLoad (8ms)
				EditorAssembliesLoaded (0ms)
			ExecutionOrderSort2 (0ms)
			AwakeInstancesAfterBackupRestoration (10ms)
Platform modules already initialized, skipping
Refreshing native plugins compatible for Editor in 1.34 ms, found 4 plugins.
Preloading 0 native plugins for Editor in 0.00 ms.
Unloading 2561 Unused Serialized files (Serialized files now loaded: 0)
System memory in use before: 112.2 MB.
System memory in use after: 112.4 MB.

Unloading 67 unused Assets to reduce memory usage. Loaded Objects now: 3019.
Total: 4.619800 ms (FindLiveObjects: 0.297200 ms CreateObjectMapping: 0.063600 ms MarkObjects: 4.213400 ms  DeleteObjects: 0.044200 ms)

AssetImportParameters requested are different than current active one (requested -> active):
  custom:framework-win-MediaFoundation: 216162199b28c13a410421893ffa2e32 -> 
  custom:video-decoder-ogg-theora: a1e56fd34408186e4bbccfd4996cb3dc -> 
  custom:container-muxer-webm: aa71ff27fc2769a1b78a27578f13a17b -> 
  custom:container-demuxer-webm: 4f35f7cbe854078d1ac9338744f61a02 -> 
  custom:container-demuxer-ogg: 62fdf1f143b41e24485cea50d1cbac27 -> 
  custom:video-encoder-webm-vp8: eb34c28f22e8b96e1ab97ce403110664 -> 
  custom:video-decoder-webm-vp8: 9c59270c3fd7afecdb556c50c9e8de78 -> 
  custom:audio-decoder-ogg-vorbis: bf7c407c2cedff20999df2af8eb42d56 -> 
  custom:audio-encoder-webm-vorbis: bf7c407c2cedff20999df2af8eb42d56 -> 
========================================================================
Received Prepare
Registering precompiled user dll's ...
Registered in 0.009207 seconds.
Begin MonoManager ReloadAssembly
Native extension for LinuxStandalone target not found
Native extension for WindowsStandalone target not found
Native extension for OSXStandalone target not found
Refreshing native plugins compatible for Editor in 1.03 ms, found 4 plugins.
Preloading 0 native plugins for Editor in 0.00 ms.
Mono: successfully reloaded assembly
- Completed reload, in  1.331 seconds
Domain Reload Profiling:
	ReloadAssembly (1331ms)
		BeginReloadAssembly (119ms)
			ExecutionOrderSort (0ms)
			DisableScriptedObjects (6ms)
			BackupInstance (0ms)
			ReleaseScriptingObjects (0ms)
			CreateAndSetChildDomain (43ms)
		EndReloadAssembly (1153ms)
			LoadAssemblies (85ms)
			RebuildTransferFunctionScriptingTraits (0ms)
			SetupTypeCache (256ms)
			ReleaseScriptCaches (1ms)
			RebuildScriptCaches (56ms)
			SetupLoadedEditorAssemblies (643ms)
				LogAssemblyErrors (0ms)
				InitializePlatformSupportModulesInManaged (7ms)
				SetLoadedEditorAssemblies (0ms)
				RefreshPlugins (1ms)
				BeforeProcessingInitializeOnLoad (97ms)
				ProcessInitializeOnLoadAttributes (416ms)
				ProcessInitializeOnLoadMethodAttributes (116ms)
				AfterProcessingInitializeOnLoad (6ms)
				EditorAssembliesLoaded (0ms)
			ExecutionOrderSort2 (0ms)
			AwakeInstancesAfterBackupRestoration (8ms)
Platform modules already initialized, skipping
Refreshing native plugins compatible for Editor in 1.04 ms, found 4 plugins.
Preloading 0 native plugins for Editor in 0.00 ms.
Unloading 2561 Unused Serialized files (Serialized files now loaded: 0)
System memory in use before: 112.2 MB.
System memory in use after: 112.5 MB.

Unloading 67 unused Assets to reduce memory usage. Loaded Objects now: 3021.
Total: 3.963900 ms (FindLiveObjects: 0.247900 ms CreateObjectMapping: 0.066500 ms MarkObjects: 3.608500 ms  DeleteObjects: 0.040200 ms)

AssetImportParameters requested are different than current active one (requested -> active):
  custom:framework-win-MediaFoundation: 216162199b28c13a410421893ffa2e32 -> 
  custom:video-decoder-ogg-theora: a1e56fd34408186e4bbccfd4996cb3dc -> 
  custom:container-muxer-webm: aa71ff27fc2769a1b78a27578f13a17b -> 
  custom:container-demuxer-webm: 4f35f7cbe854078d1ac9338744f61a02 -> 
  custom:container-demuxer-ogg: 62fdf1f143b41e24485cea50d1cbac27 -> 
  custom:video-encoder-webm-vp8: eb34c28f22e8b96e1ab97ce403110664 -> 
  custom:video-decoder-webm-vp8: 9c59270c3fd7afecdb556c50c9e8de78 -> 
  custom:audio-decoder-ogg-vorbis: bf7c407c2cedff20999df2af8eb42d56 -> 
  custom:audio-encoder-webm-vorbis: bf7c407c2cedff20999df2af8eb42d56 -> 
========================================================================
Received Prepare
Registering precompiled user dll's ...
Registered in 0.011909 seconds.
Begin MonoManager ReloadAssembly
Native extension for LinuxStandalone target not found
Native extension for WindowsStandalone target not found
Native extension for OSXStandalone target not found
Refreshing native plugins compatible for Editor in 1.03 ms, found 4 plugins.
Preloading 0 native plugins for Editor in 0.00 ms.
Mono: successfully reloaded assembly
- Completed reload, in  1.291 seconds
Domain Reload Profiling:
	ReloadAssembly (1292ms)
		BeginReloadAssembly (107ms)
			ExecutionOrderSort (0ms)
			DisableScriptedObjects (5ms)
			BackupInstance (0ms)
			ReleaseScriptingObjects (0ms)
			CreateAndSetChildDomain (41ms)
		EndReloadAssembly (1122ms)
			LoadAssemblies (82ms)
			RebuildTransferFunctionScriptingTraits (0ms)
			SetupTypeCache (255ms)
			ReleaseScriptCaches (1ms)
			RebuildScriptCaches (50ms)
			SetupLoadedEditorAssemblies (626ms)
				LogAssemblyErrors (0ms)
				InitializePlatformSupportModulesInManaged (7ms)
				SetLoadedEditorAssemblies (0ms)
				RefreshPlugins (1ms)
				BeforeProcessingInitializeOnLoad (101ms)
				ProcessInitializeOnLoadAttributes (412ms)
				ProcessInitializeOnLoadMethodAttributes (99ms)
				AfterProcessingInitializeOnLoad (6ms)
				EditorAssembliesLoaded (0ms)
			ExecutionOrderSort2 (0ms)
			AwakeInstancesAfterBackupRestoration (8ms)
Platform modules already initialized, skipping
Refreshing native plugins compatible for Editor in 1.05 ms, found 4 plugins.
Preloading 0 native plugins for Editor in 0.00 ms.
Unloading 2561 Unused Serialized files (Serialized files now loaded: 0)
System memory in use before: 112.2 MB.
System memory in use after: 112.5 MB.

Unloading 67 unused Assets to reduce memory usage. Loaded Objects now: 3023.
Total: 4.209400 ms (FindLiveObjects: 0.261500 ms CreateObjectMapping: 0.078100 ms MarkObjects: 3.828000 ms  DeleteObjects: 0.040800 ms)

AssetImportParameters requested are different than current active one (requested -> active):
  custom:framework-win-MediaFoundation: 216162199b28c13a410421893ffa2e32 -> 
  custom:video-decoder-ogg-theora: a1e56fd34408186e4bbccfd4996cb3dc -> 
  custom:container-muxer-webm: aa71ff27fc2769a1b78a27578f13a17b -> 
  custom:container-demuxer-webm: 4f35f7cbe854078d1ac9338744f61a02 -> 
  custom:container-demuxer-ogg: 62fdf1f143b41e24485cea50d1cbac27 -> 
  custom:video-encoder-webm-vp8: eb34c28f22e8b96e1ab97ce403110664 -> 
  custom:video-decoder-webm-vp8: 9c59270c3fd7afecdb556c50c9e8de78 -> 
  custom:audio-decoder-ogg-vorbis: bf7c407c2cedff20999df2af8eb42d56 -> 
  custom:audio-encoder-webm-vorbis: bf7c407c2cedff20999df2af8eb42d56 -> 
========================================================================
Received Prepare
Registering precompiled user dll's ...
Registered in 0.011616 seconds.
Begin MonoManager ReloadAssembly
Native extension for LinuxStandalone target not found
Native extension for WindowsStandalone target not found
Native extension for OSXStandalone target not found
Refreshing native plugins compatible for Editor in 1.06 ms, found 4 plugins.
Preloading 0 native plugins for Editor in 0.00 ms.
Mono: successfully reloaded assembly
- Completed reload, in  1.301 seconds
Domain Reload Profiling:
	ReloadAssembly (1301ms)
		BeginReloadAssembly (118ms)
			ExecutionOrderSort (0ms)
			DisableScriptedObjects (6ms)
			BackupInstance (0ms)
			ReleaseScriptingObjects (0ms)
			CreateAndSetChildDomain (39ms)
		EndReloadAssembly (1117ms)
			LoadAssemblies (80ms)
			RebuildTransferFunctionScriptingTraits (0ms)
			SetupTypeCache (259ms)
			ReleaseScriptCaches (1ms)
			RebuildScriptCaches (51ms)
			SetupLoadedEditorAssemblies (619ms)
				LogAssemblyErrors (0ms)
				InitializePlatformSupportModulesInManaged (7ms)
				SetLoadedEditorAssemblies (0ms)
				RefreshPlugins (1ms)
				BeforeProcessingInitializeOnLoad (97ms)
				ProcessInitializeOnLoadAttributes (408ms)
				ProcessInitializeOnLoadMethodAttributes (100ms)
				AfterProcessingInitializeOnLoad (6ms)
				EditorAssembliesLoaded (0ms)
			ExecutionOrderSort2 (0ms)
			AwakeInstancesAfterBackupRestoration (8ms)
Platform modules already initialized, skipping
Refreshing native plugins compatible for Editor in 1.07 ms, found 4 plugins.
Preloading 0 native plugins for Editor in 0.00 ms.
Unloading 2561 Unused Serialized files (Serialized files now loaded: 0)
System memory in use before: 112.2 MB.
System memory in use after: 112.4 MB.

Unloading 67 unused Assets to reduce memory usage. Loaded Objects now: 3025.
Total: 4.015700 ms (FindLiveObjects: 0.253300 ms CreateObjectMapping: 0.066900 ms MarkObjects: 3.653900 ms  DeleteObjects: 0.040500 ms)

AssetImportParameters requested are different than current active one (requested -> active):
  custom:framework-win-MediaFoundation: 216162199b28c13a410421893ffa2e32 -> 
  custom:video-decoder-ogg-theora: a1e56fd34408186e4bbccfd4996cb3dc -> 
  custom:container-muxer-webm: aa71ff27fc2769a1b78a27578f13a17b -> 
  custom:container-demuxer-webm: 4f35f7cbe854078d1ac9338744f61a02 -> 
  custom:container-demuxer-ogg: 62fdf1f143b41e24485cea50d1cbac27 -> 
  custom:video-encoder-webm-vp8: eb34c28f22e8b96e1ab97ce403110664 -> 
  custom:video-decoder-webm-vp8: 9c59270c3fd7afecdb556c50c9e8de78 -> 
  custom:audio-decoder-ogg-vorbis: bf7c407c2cedff20999df2af8eb42d56 -> 
  custom:audio-encoder-webm-vorbis: bf7c407c2cedff20999df2af8eb42d56 -> 
========================================================================
Received Prepare
Registering precompiled user dll's ...
Registered in 0.009509 seconds.
Begin MonoManager ReloadAssembly
Native extension for LinuxStandalone target not found
Native extension for WindowsStandalone target not found
Native extension for OSXStandalone target not found
Refreshing native plugins compatible for Editor in 1.10 ms, found 4 plugins.
Preloading 0 native plugins for Editor in 0.00 ms.
Mono: successfully reloaded assembly
- Completed reload, in  1.364 seconds
Domain Reload Profiling:
	ReloadAssembly (1365ms)
		BeginReloadAssembly (114ms)
			ExecutionOrderSort (0ms)
			DisableScriptedObjects (5ms)
			BackupInstance (0ms)
			ReleaseScriptingObjects (0ms)
			CreateAndSetChildDomain (42ms)
		EndReloadAssembly (1191ms)
			LoadAssemblies (92ms)
			RebuildTransferFunctionScriptingTraits (0ms)
			SetupTypeCache (283ms)
			ReleaseScriptCaches (1ms)
			RebuildScriptCaches (54ms)
			SetupLoadedEditorAssemblies (651ms)
				LogAssemblyErrors (0ms)
				InitializePlatformSupportModulesInManaged (8ms)
				SetLoadedEditorAssemblies (1ms)
				RefreshPlugins (1ms)
				BeforeProcessingInitializeOnLoad (104ms)
				ProcessInitializeOnLoadAttributes (430ms)
				ProcessInitializeOnLoadMethodAttributes (101ms)
				AfterProcessingInitializeOnLoad (6ms)
				EditorAssembliesLoaded (0ms)
			ExecutionOrderSort2 (0ms)
			AwakeInstancesAfterBackupRestoration (8ms)
Platform modules already initialized, skipping
Refreshing native plugins compatible for Editor in 1.03 ms, found 4 plugins.
Preloading 0 native plugins for Editor in 0.00 ms.
Unloading 2561 Unused Serialized files (Serialized files now loaded: 0)
System memory in use before: 112.3 MB.
System memory in use after: 112.5 MB.

Unloading 67 unused Assets to reduce memory usage. Loaded Objects now: 3027.
Total: 4.159900 ms (FindLiveObjects: 0.259900 ms CreateObjectMapping: 0.069100 ms MarkObjects: 3.787500 ms  DeleteObjects: 0.042200 ms)

AssetImportParameters requested are different than current active one (requested -> active):
  custom:framework-win-MediaFoundation: 216162199b28c13a410421893ffa2e32 -> 
  custom:video-decoder-ogg-theora: a1e56fd34408186e4bbccfd4996cb3dc -> 
  custom:container-muxer-webm: aa71ff27fc2769a1b78a27578f13a17b -> 
  custom:container-demuxer-webm: 4f35f7cbe854078d1ac9338744f61a02 -> 
  custom:container-demuxer-ogg: 62fdf1f143b41e24485cea50d1cbac27 -> 
  custom:video-encoder-webm-vp8: eb34c28f22e8b96e1ab97ce403110664 -> 
  custom:video-decoder-webm-vp8: 9c59270c3fd7afecdb556c50c9e8de78 -> 
  custom:audio-decoder-ogg-vorbis: bf7c407c2cedff20999df2af8eb42d56 -> 
  custom:audio-encoder-webm-vorbis: bf7c407c2cedff20999df2af8eb42d56 -> 
========================================================================
Received Prepare
Registering precompiled user dll's ...
Registered in 0.011853 seconds.
Begin MonoManager ReloadAssembly
Native extension for LinuxStandalone target not found
Native extension for WindowsStandalone target not found
Native extension for OSXStandalone target not found
Refreshing native plugins compatible for Editor in 1.02 ms, found 4 plugins.
Preloading 0 native plugins for Editor in 0.00 ms.
Mono: successfully reloaded assembly
- Completed reload, in  1.333 seconds
Domain Reload Profiling:
	ReloadAssembly (1334ms)
		BeginReloadAssembly (127ms)
			ExecutionOrderSort (0ms)
			DisableScriptedObjects (8ms)
			BackupInstance (0ms)
			ReleaseScriptingObjects (0ms)
			CreateAndSetChildDomain (44ms)
		EndReloadAssembly (1144ms)
			LoadAssemblies (82ms)
			RebuildTransferFunctionScriptingTraits (0ms)
			SetupTypeCache (274ms)
			ReleaseScriptCaches (1ms)
			RebuildScriptCaches (51ms)
			SetupLoadedEditorAssemblies (633ms)
				LogAssemblyErrors (0ms)
				InitializePlatformSupportModulesInManaged (7ms)
				SetLoadedEditorAssemblies (0ms)
				RefreshPlugins (1ms)
				BeforeProcessingInitializeOnLoad (97ms)
				ProcessInitializeOnLoadAttributes (418ms)
				ProcessInitializeOnLoadMethodAttributes (103ms)
				AfterProcessingInitializeOnLoad (6ms)
				EditorAssembliesLoaded (0ms)
			ExecutionOrderSort2 (0ms)
			AwakeInstancesAfterBackupRestoration (8ms)
Platform modules already initialized, skipping
Refreshing native plugins compatible for Editor in 1.03 ms, found 4 plugins.
Preloading 0 native plugins for Editor in 0.00 ms.
Unloading 2561 Unused Serialized files (Serialized files now loaded: 0)
System memory in use before: 112.3 MB.
System memory in use after: 112.5 MB.

Unloading 67 unused Assets to reduce memory usage. Loaded Objects now: 3029.
Total: 4.175900 ms (FindLiveObjects: 0.291800 ms CreateObjectMapping: 0.067500 ms MarkObjects: 3.784400 ms  DeleteObjects: 0.031000 ms)

AssetImportParameters requested are different than current active one (requested -> active):
  custom:framework-win-MediaFoundation: 216162199b28c13a410421893ffa2e32 -> 
  custom:video-decoder-ogg-theora: a1e56fd34408186e4bbccfd4996cb3dc -> 
  custom:container-muxer-webm: aa71ff27fc2769a1b78a27578f13a17b -> 
  custom:container-demuxer-webm: 4f35f7cbe854078d1ac9338744f61a02 -> 
  custom:container-demuxer-ogg: 62fdf1f143b41e24485cea50d1cbac27 -> 
  custom:video-encoder-webm-vp8: eb34c28f22e8b96e1ab97ce403110664 -> 
  custom:video-decoder-webm-vp8: 9c59270c3fd7afecdb556c50c9e8de78 -> 
  custom:audio-decoder-ogg-vorbis: bf7c407c2cedff20999df2af8eb42d56 -> 
  custom:audio-encoder-webm-vorbis: bf7c407c2cedff20999df2af8eb42d56 -> 
========================================================================
Received Prepare
Registering precompiled user dll's ...
Registered in 0.009153 seconds.
Begin MonoManager ReloadAssembly
Native extension for LinuxStandalone target not found
Native extension for WindowsStandalone target not found
Native extension for OSXStandalone target not found
Refreshing native plugins compatible for Editor in 1.10 ms, found 4 plugins.
Preloading 0 native plugins for Editor in 0.00 ms.
Mono: successfully reloaded assembly
- Completed reload, in  1.587 seconds
Domain Reload Profiling:
	ReloadAssembly (1587ms)
		BeginReloadAssembly (120ms)
			ExecutionOrderSort (0ms)
			DisableScriptedObjects (5ms)
			BackupInstance (0ms)
			ReleaseScriptingObjects (0ms)
			CreateAndSetChildDomain (38ms)
		EndReloadAssembly (1411ms)
			LoadAssemblies (91ms)
			RebuildTransferFunctionScriptingTraits (0ms)
			SetupTypeCache (279ms)
			ReleaseScriptCaches (1ms)
			RebuildScriptCaches (63ms)
			SetupLoadedEditorAssemblies (856ms)
				LogAssemblyErrors (0ms)
				InitializePlatformSupportModulesInManaged (9ms)
				SetLoadedEditorAssemblies (1ms)
				RefreshPlugins (1ms)
				BeforeProcessingInitializeOnLoad (179ms)
				ProcessInitializeOnLoadAttributes (544ms)
				ProcessInitializeOnLoadMethodAttributes (113ms)
				AfterProcessingInitializeOnLoad (10ms)
				EditorAssembliesLoaded (0ms)
			ExecutionOrderSort2 (0ms)
			AwakeInstancesAfterBackupRestoration (11ms)
Platform modules already initialized, skipping
Refreshing native plugins compatible for Editor in 1.10 ms, found 4 plugins.
Preloading 0 native plugins for Editor in 0.00 ms.
Unloading 2561 Unused Serialized files (Serialized files now loaded: 0)
System memory in use before: 112.3 MB.
System memory in use after: 112.5 MB.

Unloading 67 unused Assets to reduce memory usage. Loaded Objects now: 3031.
Total: 4.693900 ms (FindLiveObjects: 0.282400 ms CreateObjectMapping: 0.063800 ms MarkObjects: 4.306200 ms  DeleteObjects: 0.040000 ms)

AssetImportParameters requested are different than current active one (requested -> active):
  custom:framework-win-MediaFoundation: 216162199b28c13a410421893ffa2e32 -> 
  custom:video-decoder-ogg-theora: a1e56fd34408186e4bbccfd4996cb3dc -> 
  custom:container-muxer-webm: aa71ff27fc2769a1b78a27578f13a17b -> 
  custom:container-demuxer-webm: 4f35f7cbe854078d1ac9338744f61a02 -> 
  custom:container-demuxer-ogg: 62fdf1f143b41e24485cea50d1cbac27 -> 
  custom:video-encoder-webm-vp8: eb34c28f22e8b96e1ab97ce403110664 -> 
  custom:video-decoder-webm-vp8: 9c59270c3fd7afecdb556c50c9e8de78 -> 
  custom:audio-decoder-ogg-vorbis: bf7c407c2cedff20999df2af8eb42d56 -> 
  custom:audio-encoder-webm-vorbis: bf7c407c2cedff20999df2af8eb42d56 -> 
========================================================================
Received Prepare
Registering precompiled user dll's ...
Registered in 0.009771 seconds.
Begin MonoManager ReloadAssembly
Native extension for LinuxStandalone target not found
Native extension for WindowsStandalone target not found
Native extension for OSXStandalone target not found
Refreshing native plugins compatible for Editor in 1.03 ms, found 4 plugins.
Preloading 0 native plugins for Editor in 0.00 ms.
Mono: successfully reloaded assembly
- Completed reload, in  1.301 seconds
Domain Reload Profiling:
	ReloadAssembly (1301ms)
		BeginReloadAssembly (117ms)
			ExecutionOrderSort (0ms)
			DisableScriptedObjects (5ms)
			BackupInstance (0ms)
			ReleaseScriptingObjects (0ms)
			CreateAndSetChildDomain (41ms)
		EndReloadAssembly (1122ms)
			LoadAssemblies (86ms)
			RebuildTransferFunctionScriptingTraits (0ms)
			SetupTypeCache (254ms)
			ReleaseScriptCaches (1ms)
			RebuildScriptCaches (53ms)
			SetupLoadedEditorAssemblies (627ms)
				LogAssemblyErrors (0ms)
				InitializePlatformSupportModulesInManaged (7ms)
				SetLoadedEditorAssemblies (0ms)
				RefreshPlugins (1ms)
				BeforeProcessingInitializeOnLoad (99ms)
				ProcessInitializeOnLoadAttributes (414ms)
				ProcessInitializeOnLoadMethodAttributes (99ms)
				AfterProcessingInitializeOnLoad (6ms)
				EditorAssembliesLoaded (0ms)
			ExecutionOrderSort2 (0ms)
			AwakeInstancesAfterBackupRestoration (8ms)
Platform modules already initialized, skipping
Refreshing native plugins compatible for Editor in 1.02 ms, found 4 plugins.
Preloading 0 native plugins for Editor in 0.00 ms.
Unloading 2561 Unused Serialized files (Serialized files now loaded: 0)
System memory in use before: 112.3 MB.
System memory in use after: 112.5 MB.

Unloading 67 unused Assets to reduce memory usage. Loaded Objects now: 3033.
Total: 3.809600 ms (FindLiveObjects: 0.269800 ms CreateObjectMapping: 0.064800 ms MarkObjects: 3.443700 ms  DeleteObjects: 0.030300 ms)

AssetImportParameters requested are different than current active one (requested -> active):
  custom:framework-win-MediaFoundation: 216162199b28c13a410421893ffa2e32 -> 
  custom:video-decoder-ogg-theora: a1e56fd34408186e4bbccfd4996cb3dc -> 
  custom:container-muxer-webm: aa71ff27fc2769a1b78a27578f13a17b -> 
  custom:container-demuxer-webm: 4f35f7cbe854078d1ac9338744f61a02 -> 
  custom:container-demuxer-ogg: 62fdf1f143b41e24485cea50d1cbac27 -> 
  custom:video-encoder-webm-vp8: eb34c28f22e8b96e1ab97ce403110664 -> 
  custom:video-decoder-webm-vp8: 9c59270c3fd7afecdb556c50c9e8de78 -> 
  custom:audio-decoder-ogg-vorbis: bf7c407c2cedff20999df2af8eb42d56 -> 
  custom:audio-encoder-webm-vorbis: bf7c407c2cedff20999df2af8eb42d56 -> 
AssetImportWorkerClient::OnTransportError - code=2 error=End of file
